0 info it worked if it ends with ok
1 verbose cli [ 'C:\\core-dev\\nodelatest\\node.exe',
1 verbose cli   'C:\\core-dev\\npm_updated\\node_modules\\npm\\bin\\npm-cli.js',
1 verbose cli   'start' ]
2 info using npm@4.0.5
3 info using node@v6.6.0
4 verbose run-script [ 'prestart', 'start', 'poststart' ]
5 info lifecycle cloudant_boilerplate_nodejs@0.0.2~prestart: cloudant_boilerplate_nodejs@0.0.2
6 silly lifecycle cloudant_boilerplate_nodejs@0.0.2~prestart: no script for prestart, continuing
7 info lifecycle cloudant_boilerplate_nodejs@0.0.2~start: cloudant_boilerplate_nodejs@0.0.2
8 verbose lifecycle cloudant_boilerplate_nodejs@0.0.2~start: unsafe-perm in lifecycle true
9 verbose lifecycle cloudant_boilerplate_nodejs@0.0.2~start: PATH: C:\core-dev\npm_updated\node_modules\npm\bin\node-gyp-bin;C:\core-dev\hackathon2017\nodejs-login-master\node_modules\.bin;c:\core-dev\jdk8\bin;%MAVEN_HOME%\bin;C:\core-dev\npm_updated;C:\core-dev\nodelatest;C:\core-dev\infozip;C:\core-dev\apache-ant-1.8.1\bin;C:\ProgramData\Oracle\Java\javapath;C:\Windows\system32;C:\Windows;C:\Windows\System32\Wbem;C:\Windows\System32\WindowsPowerShell\v1.0\;C:\Windows\System32\WindowsPowerShell\v1.0\;C:\Program Files\Citrix\ICAService\;C:\Program Files\Citrix\System32\;C:\Program Files (x86)\Common Files\Citrix\System32\;C:\Windows\System32\WindowsPowerShell\v1.0\;C:\core-dev\phantomjs-1.9.7-windows;C:\core-dev\JRebel;C:\core-dev\npm;C:\core-dev\infozip;C:\core-dev\apache-ant-1.8.1\bin;C:\core-dev\apache-maven-3.0.5\bin;C:\JAVA\jdk-7u85\bin;C:\Users\u353395\AppData\Roaming\npm;c:\core-dev\jdk8\bin;C:\core-dev\jdk-7u85\jre\bin;C:\core-dev\nodejs\;C:\Program Files\TortoiseGit\bin;C:\Program Files (x86)\PuTTY\;C:\Program Files\TortoiseSVN\bin;;C:\Users\u353395\AppData\Roaming\Cloud Foundry
10 verbose lifecycle cloudant_boilerplate_nodejs@0.0.2~start: CWD: C:\core-dev\hackathon2017\nodejs-login-master
11 silly lifecycle cloudant_boilerplate_nodejs@0.0.2~start: Args: [ '/d /s /c', 'node app.js' ]
12 silly lifecycle cloudant_boilerplate_nodejs@0.0.2~start: Returned: code: 1  signal: null
13 info lifecycle cloudant_boilerplate_nodejs@0.0.2~start: Failed to exec start script
14 verbose stack Error: cloudant_boilerplate_nodejs@0.0.2 start: `node app.js`
14 verbose stack Exit status 1
14 verbose stack     at EventEmitter.<anonymous> (C:\core-dev\npm_updated\node_modules\npm\lib\utils\lifecycle.js:279:16)
14 verbose stack     at emitTwo (events.js:106:13)
14 verbose stack     at EventEmitter.emit (events.js:191:7)
14 verbose stack     at ChildProcess.<anonymous> (C:\core-dev\npm_updated\node_modules\npm\lib\utils\spawn.js:40:14)
14 verbose stack     at emitTwo (events.js:106:13)
14 verbose stack     at ChildProcess.emit (events.js:191:7)
14 verbose stack     at maybeClose (internal/child_process.js:877:16)
14 verbose stack     at Process.ChildProcess._handle.onexit (internal/child_process.js:226:5)
15 verbose pkgid cloudant_boilerplate_nodejs@0.0.2
16 verbose cwd C:\core-dev\hackathon2017\nodejs-login-master
17 error Windows_NT 6.1.7601
18 error argv "C:\\core-dev\\nodelatest\\node.exe" "C:\\core-dev\\npm_updated\\node_modules\\npm\\bin\\npm-cli.js" "start"
19 error node v6.6.0
20 error npm  v4.0.5
21 error code ELIFECYCLE
22 error cloudant_boilerplate_nodejs@0.0.2 start: `node app.js`
22 error Exit status 1
23 error Failed at the cloudant_boilerplate_nodejs@0.0.2 start script 'node app.js'.
23 error Make sure you have the latest version of node.js and npm installed.
23 error If you do, this is most likely a problem with the cloudant_boilerplate_nodejs package,
23 error not with npm itself.
23 error Tell the author that this fails on your system:
23 error     node app.js
23 error You can get information on how to open an issue for this project with:
23 error     npm bugs cloudant_boilerplate_nodejs
23 error Or if that isn't available, you can get their info via:
23 error     npm owner ls cloudant_boilerplate_nodejs
23 error There is likely additional logging output above.
24 verbose exit [ 1, true ]
